<html>
<body>
<pre>
<h1>Vision Build Log</h1>
<h2>Project:</h2>
F:\单片机寒假作业\6--静态数码管\Template.uvproj
Project File Date:  02/09/2018

<h2>Output:</h2>
Build target 'Target 1'
compiling main.c...
MAIN.C(10): error C141: syntax error near 'void'
MAIN.C(11): error C141: syntax error near '{'
MAIN.C(12): error C231: 'P0': redefinition
MAIN.C(12): error C231: 'P0': redefinition
MAIN.C(13): error C141: syntax error near 'while'
MAIN.C(13): error C141: syntax error near '1'
Target not created
Build target 'Target 1'
compiling main.c...
MAIN.C(10): error C141: syntax error near 'void'
MAIN.C(11): error C141: syntax error near '{'
MAIN.C(12): error C231: 'P0': redefinition
MAIN.C(12): error C231: 'P0': redefinition
MAIN.C(13): error C141: syntax error near 'while'
MAIN.C(13): error C141: syntax error near '1'
Target not created
Build target 'Target 1'
compiling main.c...
MAIN.C(10): error C141: syntax error near 'void'
MAIN.C(11): error C141: syntax error near '{'
MAIN.C(12): error C231: 'P0': redefinition
MAIN.C(12): error C231: 'P0': redefinition
MAIN.C(13): error C141: syntax error near 'while'
MAIN.C(13): error C141: syntax error near '1'
Target not created
Build target 'Target 1'
compiling main.c...
MAIN.C(10): error C141: syntax error near 'void'
MAIN.C(11): error C141: syntax error near '{'
MAIN.C(12): error C231: 'P0': redefinition
MAIN.C(12): error C231: 'P0': redefinition
MAIN.C(13): error C141: syntax error near 'while'
MAIN.C(13): error C141: syntax error near '1'
Target not created
Build target 'Target 1'
compiling main.c...
MAIN.C(10): error C141: syntax error near 'void'
MAIN.C(11): error C141: syntax error near '{'
MAIN.C(12): error C231: 'P0': redefinition
MAIN.C(12): error C231: 'P0': redefinition
MAIN.C(13): error C141: syntax error near 'while'
MAIN.C(13): error C141: syntax error near '1'
Target not created
Build target 'Target 1'
compiling main.c...
MAIN.C(10): error C141: syntax error near 'void'
MAIN.C(11): error C141: syntax error near '{'
MAIN.C(12): error C231: 'P0': redefinition
MAIN.C(12): error C231: 'P0': redefinition
MAIN.C(13): error C141: syntax error near 'while'
MAIN.C(13): error C141: syntax error near '1'
Target not created
Build target 'Target 1'
compiling main.c...
MAIN.C(10): error C141: syntax error near 'void'
MAIN.C(11): error C141: syntax error near '{'
MAIN.C(12): error C231: 'P0': redefinition
MAIN.C(12): error C231: 'P0': redefinition
MAIN.C(13): error C141: syntax error near 'while'
MAIN.C(13): error C141: syntax error near '1'
Target not created
Build target 'Target 1'
compiling main.c...
linking...
Program Size: data=9.0 xdata=0 code=41
creating hex file from "Template"...
"Template" - 0 Error(s), 0 Warning(s).
Build target 'Target 1'
linking...
Program Size: data=9.0 xdata=0 code=41
creating hex file from "Template"...
"Template" - 0 Error(s), 0 Warning(s).
Build target 'Target 1'
compiling main.c...
linking...
Program Size: data=9.0 xdata=0 code=80
creating hex file from "Template"...
"Template" - 0 Error(s), 0 Warning(s).
